<?xml version="1.0" encoding="UTF-8"?>
<testng-results ignored="8" total="12" passed="3" failed="1" skipped="0">
  <reporter-output>
  </reporter-output>
  <suite started-at="2023-11-10T13:22:18 CET" name="Swap API Use cases verification" finished-at="2023-11-10T13:27:23 CET" duration-ms="304690">
    <groups>
    </groups>
    <test started-at="2023-11-10T13:22:18 CET" name="Find film with the latest release date and tallest person from that film" finished-at="2023-11-10T13:23:30 CET" duration-ms="71658">
      <class name="test.scenarios.UserTestSteps">
        <test-method signature="findFilmByLatestReleaseDate(org.testng.ITestContext)[pri:0, instance:test.scenarios.UserTestSteps@25fb8912]" started-at="2023-11-10T13:22:18 CET" name="findFilmByLatestReleaseDate" finished-at="2023-11-10T13:22:31 CET" duration-ms="12156" status="PASS">
          <params>
            <param index="0">
              <value>
                <![CDATA[org.testng.TestRunner@433defed]]>
              </value>
            </param>
          </params>
          <reporter-output>
          </reporter-output>
        </test-method> <!-- findFilmByLatestReleaseDate -->
        <test-method signature="findTallestPersonFromLatestFilm(org.testng.ITestContext)[pri:0, instance:test.scenarios.UserTestSteps@25fb8912]" started-at="2023-11-10T13:22:31 CET" name="findTallestPersonFromLatestFilm" finished-at="2023-11-10T13:23:30 CET" duration-ms="59429" status="PASS">
          <params>
            <param index="0">
              <value>
                <![CDATA[org.testng.TestRunner@433defed]]>
              </value>
            </param>
          </params>
          <reporter-output>
          </reporter-output>
        </test-method> <!-- findTallestPersonFromLatestFilm -->
      </class> <!-- test.scenarios.UserTestSteps -->
    </test> <!-- Find film with the latest release date and tallest person from that film -->
    <test started-at="2023-11-10T13:23:30 CET" name="Find the tallest person ever played in any Star Wars film" finished-at="2023-11-10T13:27:03 CET" duration-ms="212826">
      <class name="test.scenarios.UserTestSteps">
        <test-method signature="findTallestPersonFromStarwarsFilm(org.testng.ITestContext)[pri:0, instance:test.scenarios.UserTestSteps@1b11171f]" started-at="2023-11-10T13:23:30 CET" name="findTallestPersonFromStarwarsFilm" finished-at="2023-11-10T13:27:03 CET" duration-ms="212805" status="PASS">
          <params>
            <param index="0">
              <value>
                <![CDATA[org.testng.TestRunner@2d38db6f]]>
              </value>
            </param>
          </params>
          <reporter-output>
          </reporter-output>
        </test-method> <!-- findTallestPersonFromStarwarsFilm -->
      </class> <!-- test.scenarios.UserTestSteps -->
    </test> <!-- Find the tallest person ever played in any Star Wars film -->
    <test started-at="2023-11-10T13:27:03 CET" name="Create contract (Json schema validation) test for /people API" finished-at="2023-11-10T13:27:23 CET" duration-ms="20144">
      <class name="test.scenarios.UserTestSteps">
        <test-method is-config="true" signature="getConfig()[pri:0, instance:test.scenarios.UserTestSteps@4b0d79fc]" started-at="2023-11-10T13:22:18 CET" name="getConfig" finished-at="2023-11-10T13:22:18 CET" duration-ms="6" status="PASS">
          <reporter-output>
          </reporter-output>
        </test-method> <!-- getConfig -->
        <test-method signature="createJsonSchemaValidationForPeopleAPI(java.lang.String,org.testng.ITestContext)[pri:0, instance:test.scenarios.UserTestSteps@4b0d79fc]" started-at="2023-11-10T13:27:03 CET" name="createJsonSchemaValidationForPeopleAPI" finished-at="2023-11-10T13:27:23 CET" duration-ms="20121" status="FAIL">
          <params>
            <param index="0">
              <value>
                <![CDATA[peopleJsonSchema.json]]>
              </value>
            </param>
            <param index="1">
              <value>
                <![CDATA[org.testng.TestRunner@29957fe0]]>
              </value>
            </param>
          </params>
          <exception class="java.lang.AssertionError">
            <message>
              <![CDATA[1 expectation failed.
Response body doesn't match expectation.
Expected: The content to match the given JSON schema.
error: instance type (null) does not match any allowed primitive type (allowed: ["string"])
    level: "error"
    schema: {"loadingURI":"#","pointer":"/properties/next"}
    instance: {"pointer":"/next"}
    domain: "validation"
    keyword: "type"
    found: "null"
    expected: ["string"]

  Actual: {"count":6,"next":null,"previous":null,"results":[{"title":"A New Hope","episode_id":4,"opening_crawl":"It is a period of civil war.\r\nRebel spaceships, striking\r\nfrom a hidden base, have won\r\ntheir first victory against\r\nthe evil Galactic Empire.\r\n\r\nDuring the battle, Rebel\r\nspies managed to steal secret\r\nplans to the Empire's\r\nultimate weapon, the DEATH\r\nSTAR, an armored space\r\nstation with enough power\r\nto destroy an entire planet.\r\n\r\nPursued by the Empire's\r\nsinister agents, Princess\r\nLeia races home aboard her\r\nstarship, custodian of the\r\nstolen plans that can save her\r\npeople and restore\r\nfreedom to the galaxy....","director":"George Lucas","producer":"Gary Kurtz, Rick McCallum","release_date":"1977-05-25","characters":["https://swapi.dev/api/people/1/","https://swapi.dev/api/people/2/","https://swapi.dev/api/people/3/","https://swapi.dev/api/people/4/","https://swapi.dev/api/people/5/","https://swapi.dev/api/people/6/","https://swapi.dev/api/people/7/","https://swapi.dev/api/people/8/","https://swapi.dev/api/people/9/","https://swapi.dev/api/people/10/","https://swapi.dev/api/people/12/","https://swapi.dev/api/people/13/","https://swapi.dev/api/people/14/","https://swapi.dev/api/people/15/","https://swapi.dev/api/people/16/","https://swapi.dev/api/people/18/","https://swapi.dev/api/people/19/","https://swapi.dev/api/people/81/"],"planets":["https://swapi.dev/api/planets/1/","https://swapi.dev/api/planets/2/","https://swapi.dev/api/planets/3/"],"starships":["https://swapi.dev/api/starships/2/","https://swapi.dev/api/starships/3/","https://swapi.dev/api/starships/5/","https://swapi.dev/api/starships/9/","https://swapi.dev/api/starships/10/","https://swapi.dev/api/starships/11/","https://swapi.dev/api/starships/12/","https://swapi.dev/api/starships/13/"],"vehicles":["https://swapi.dev/api/vehicles/4/","https://swapi.dev/api/vehicles/6/","https://swapi.dev/api/vehicles/7/","https://swapi.dev/api/vehicles/8/"],"species":["https://swapi.dev/api/species/1/","https://swapi.dev/api/species/2/","https://swapi.dev/api/species/3/","https://swapi.dev/api/species/4/","https://swapi.dev/api/species/5/"],"created":"2014-12-10T14:23:31.880000Z","edited":"2014-12-20T19:49:45.256000Z","url":"https://swapi.dev/api/films/1/"},{"title":"The Empire Strikes Back","episode_id":5,"opening_crawl":"It is a dark time for the\r\nRebellion. Although the Death\r\nStar has been destroyed,\r\nImperial troops have driven the\r\nRebel forces from their hidden\r\nbase and pursued them across\r\nthe galaxy.\r\n\r\nEvading the dreaded Imperial\r\nStarfleet, a group of freedom\r\nfighters led by Luke Skywalker\r\nhas established a new secret\r\nbase on the remote ice world\r\nof Hoth.\r\n\r\nThe evil lord Darth Vader,\r\nobsessed with finding young\r\nSkywalker, has dispatched\r\nthousands of remote probes into\r\nthe far reaches of space....","director":"Irvin Kershner","producer":"Gary Kurtz, Rick McCallum","release_date":"1980-05-17","characters":["https://swapi.dev/api/people/1/","https://swapi.dev/api/people/2/","https://swapi.dev/api/people/3/","https://swapi.dev/api/people/4/","https://swapi.dev/api/people/5/","https://swapi.dev/api/people/10/","https://swapi.dev/api/people/13/","https://swapi.dev/api/people/14/","https://swapi.dev/api/people/18/","https://swapi.dev/api/people/20/","https://swapi.dev/api/people/21/","https://swapi.dev/api/people/22/","https://swapi.dev/api/people/23/","https://swapi.dev/api/people/24/","https://swapi.dev/api/people/25/","https://swapi.dev/api/people/26/"],"planets":["https://swapi.dev/api/planets/4/","https://swapi.dev/api/planets/5/","https://swapi.dev/api/planets/6/","https://swapi.dev/api/planets/27/"],"starships":["https://swapi.dev/api/starships/3/","https://swapi.dev/api/starships/10/","https://swapi.dev/api/starships/11/","https://swapi.dev/api/starships/12/","https://swapi.dev/api/starships/15/","https://swapi.dev/api/starships/17/","https://swapi.dev/api/starships/21/","https://swapi.dev/api/starships/22/","https://swapi.dev/api/starships/23/"],"vehicles":["https://swapi.dev/api/vehicles/8/","https://swapi.dev/api/vehicles/14/","https://swapi.dev/api/vehicles/16/","https://swapi.dev/api/vehicles/18/","https://swapi.dev/api/vehicles/19/","https://swapi.dev/api/vehicles/20/"],"species":["https://swapi.dev/api/species/1/","https://swapi.dev/api/species/2/","https://swapi.dev/api/species/3/","https://swapi.dev/api/species/6/","https://swapi.dev/api/species/7/"],"created":"2014-12-12T11:26:24.656000Z","edited":"2014-12-15T13:07:53.386000Z","url":"https://swapi.dev/api/films/2/"},{"title":"Return of the Jedi","episode_id":6,"opening_crawl":"Luke Skywalker has returned to\r\nhis home planet of Tatooine in\r\nan attempt to rescue his\r\nfriend Han Solo from the\r\nclutches of the vile gangster\r\nJabba the Hutt.\r\n\r\nLittle does Luke know that the\r\nGALACTIC EMPIRE has secretly\r\nbegun construction on a new\r\narmored space station even\r\nmore powerful than the first\r\ndreaded Death Star.\r\n\r\nWhen completed, this ultimate\r\nweapon will spell certain doom\r\nfor the small band of rebels\r\nstruggling to restore freedom\r\nto the galaxy...","director":"Richard Marquand","producer":"Howard G. Kazanjian, George Lucas, Rick McCallum","release_date":"1983-05-25","characters":["https://swapi.dev/api/people/1/","https://swapi.dev/api/people/2/","https://swapi.dev/api/people/3/","https://swapi.dev/api/people/4/","https://swapi.dev/api/people/5/","https://swapi.dev/api/people/10/","https://swapi.dev/api/people/13/","https://swapi.dev/api/people/14/","https://swapi.dev/api/people/16/","https://swapi.dev/api/people/18/","https://swapi.dev/api/people/20/","https://swapi.dev/api/people/21/","https://swapi.dev/api/people/22/","https://swapi.dev/api/people/25/","https://swapi.dev/api/people/27/","https://swapi.dev/api/people/28/","https://swapi.dev/api/people/29/","https://swapi.dev/api/people/30/","https://swapi.dev/api/people/31/","https://swapi.dev/api/people/45/"],"planets":["https://swapi.dev/api/planets/1/","https://swapi.dev/api/planets/5/","https://swapi.dev/api/planets/7/","https://swapi.dev/api/planets/8/","https://swapi.dev/api/planets/9/"],"starships":["https://swapi.dev/api/starships/2/","https://swapi.dev/api/starships/3/","https://swapi.dev/api/starships/10/","https://swapi.dev/api/starships/11/","https://swapi.dev/api/starships/12/","https://swapi.dev/api/starships/15/","https://swapi.dev/api/starships/17/","https://swapi.dev/api/starships/22/","https://swapi.dev/api/starships/23/","https://swapi.dev/api/starships/27/","https://swapi.dev/api/starships/28/","https://swapi.dev/api/starships/29/"],"vehicles":["https://swapi.dev/api/vehicles/8/","https://swapi.dev/api/vehicles/16/","https://swapi.dev/api/vehicles/18/","https://swapi.dev/api/vehicles/19/","https://swapi.dev/api/vehicles/24/","https://swapi.dev/api/vehicles/25/","https://swapi.dev/api/vehicles/26/","https://swapi.dev/api/vehicles/30/"],"species":["https://swapi.dev/api/species/1/","https://swapi.dev/api/species/2/","https://swapi.dev/api/species/3/","https://swapi.dev/api/species/5/","https://swapi.dev/api/species/6/","https://swapi.dev/api/species/8/","https://swapi.dev/api/species/9/","https://swapi.dev/api/species/10/","https://swapi.dev/api/species/15/"],"created":"2014-12-18T10:39:33.255000Z","edited":"2014-12-20T09:48:37.462000Z","url":"https://swapi.dev/api/films/3/"},{"title":"The Phantom Menace","episode_id":1,"opening_crawl":"Turmoil has engulfed the\r\nGalactic Republic. The taxation\r\nof trade routes to outlying star\r\nsystems is in dispute.\r\n\r\nHoping to resolve the matter\r\nwith a blockade of deadly\r\nbattleships, the greedy Trade\r\nFederation has stopped all\r\nshipping to the small planet\r\nof Naboo.\r\n\r\nWhile the Congress of the\r\nRepublic endlessly debates\r\nthis alarming chain of events,\r\nthe Supreme Chancellor has\r\nsecretly dispatched two Jedi\r\nKnights, the guardians of\r\npeace and justice in the\r\ngalaxy, to settle the conflict....","director":"George Lucas","producer":"Rick McCallum","release_date":"1999-05-19","characters":["https://swapi.dev/api/people/2/","https://swapi.dev/api/people/3/","https://swapi.dev/api/people/10/","https://swapi.dev/api/people/11/","https://swapi.dev/api/people/16/","https://swapi.dev/api/people/20/","https://swapi.dev/api/people/21/","https://swapi.dev/api/people/32/","https://swapi.dev/api/people/33/","https://swapi.dev/api/people/34/","https://swapi.dev/api/people/35/","https://swapi.dev/api/people/36/","https://swapi.dev/api/people/37/","https://swapi.dev/api/people/38/","https://swapi.dev/api/people/39/","https://swapi.dev/api/people/40/","https://swapi.dev/api/people/41/","https://swapi.dev/api/people/42/","https://swapi.dev/api/people/43/","https://swapi.dev/api/people/44/","https://swapi.dev/api/people/46/","https://swapi.dev/api/people/47/","https://swapi.dev/api/people/48/","https://swapi.dev/api/people/49/","https://swapi.dev/api/people/50/","https://swapi.dev/api/people/51/","https://swapi.dev/api/people/52/","https://swapi.dev/api/people/53/","https://swapi.dev/api/people/54/","https://swapi.dev/api/people/55/","https://swapi.dev/api/people/56/","https://swapi.dev/api/people/57/","https://swapi.dev/api/people/58/","https://swapi.dev/api/people/59/"],"planets":["https://swapi.dev/api/planets/1/","https://swapi.dev/api/planets/8/","https://swapi.dev/api/planets/9/"],"starships":["https://swapi.dev/api/starships/31/","https://swapi.dev/api/starships/32/","https://swapi.dev/api/starships/39/","https://swapi.dev/api/starships/40/","https://swapi.dev/api/starships/41/"],"vehicles":["https://swapi.dev/api/vehicles/33/","https://swapi.dev/api/vehicles/34/","https://swapi.dev/api/vehicles/35/","https://swapi.dev/api/vehicles/36/","https://swapi.dev/api/vehicles/37/","https://swapi.dev/api/vehicles/38/","https://swapi.dev/api/vehicles/42/"],"species":["https://swapi.dev/api/species/1/","https://swapi.dev/api/species/2/","https://swapi.dev/api/species/6/","https://swapi.dev/api/species/11/","https://swapi.dev/api/species/12/","https://swapi.dev/api/species/13/","https://swapi.dev/api/species/14/","https://swapi.dev/api/species/15/","https://swapi.dev/api/species/16/","https://swapi.dev/api/species/17/","https://swapi.dev/api/species/18/","https://swapi.dev/api/species/19/","https://swapi.dev/api/species/20/","https://swapi.dev/api/species/21/","https://swapi.dev/api/species/22/","https://swapi.dev/api/species/23/","https://swapi.dev/api/species/24/","https://swapi.dev/api/species/25/","https://swapi.dev/api/species/26/","https://swapi.dev/api/species/27/"],"created":"2014-12-19T16:52:55.740000Z","edited":"2014-12-20T10:54:07.216000Z","url":"https://swapi.dev/api/films/4/"},{"title":"Attack of the Clones","episode_id":2,"opening_crawl":"There is unrest in the Galactic\r\nSenate. Several thousand solar\r\nsystems have declared their\r\nintentions to leave the Republic.\r\n\r\nThis separatist movement,\r\nunder the leadership of the\r\nmysterious Count Dooku, has\r\nmade it difficult for the limited\r\nnumber of Jedi Knights to maintain \r\npeace and order in the galaxy.\r\n\r\nSenator Amidala, the former\r\nQueen of Naboo, is returning\r\nto the Galactic Senate to vote\r\non the critical issue of creating\r\nan ARMY OF THE REPUBLIC\r\nto assist the overwhelmed\r\nJedi....","director":"George Lucas","producer":"Rick McCallum","release_date":"2002-05-16","characters":["https://swapi.dev/api/people/2/","https://swapi.dev/api/people/3/","https://swapi.dev/api/people/6/","https://swapi.dev/api/people/7/","https://swapi.dev/api/people/10/","https://swapi.dev/api/people/11/","https://swapi.dev/api/people/20/","https://swapi.dev/api/people/21/","https://swapi.dev/api/people/22/","https://swapi.dev/api/people/33/","https://swapi.dev/api/people/35/","https://swapi.dev/api/people/36/","https://swapi.dev/api/people/40/","https://swapi.dev/api/people/43/","https://swapi.dev/api/people/46/","https://swapi.dev/api/people/51/","https://swapi.dev/api/people/52/","https://swapi.dev/api/people/53/","https://swapi.dev/api/people/58/","https://swapi.dev/api/people/59/","https://swapi.dev/api/people/60/","https://swapi.dev/api/people/61/","https://swapi.dev/api/people/62/","https://swapi.dev/api/people/63/","https://swapi.dev/api/people/64/","https://swapi.dev/api/people/65/","https://swapi.dev/api/people/66/","https://swapi.dev/api/people/67/","https://swapi.dev/api/people/68/","https://swapi.dev/api/people/69/","https://swapi.dev/api/people/70/","https://swapi.dev/api/people/71/","https://swapi.dev/api/people/72/","https://swapi.dev/api/people/73/","https://swapi.dev/api/people/74/","https://swapi.dev/api/people/75/","https://swapi.dev/api/people/76/","https://swapi.dev/api/people/77/","https://swapi.dev/api/people/78/","https://swapi.dev/api/people/82/"],"planets":["https://swapi.dev/api/planets/1/","https://swapi.dev/api/planets/8/","https://swapi.dev/api/planets/9/","https://swapi.dev/api/planets/10/","https://swapi.dev/api/planets/11/"],"starships":["https://swapi.dev/api/starships/21/","https://swapi.dev/api/starships/32/","https://swapi.dev/api/starships/39/","https://swapi.dev/api/starships/43/","https://swapi.dev/api/starships/47/","https://swapi.dev/api/starships/48/","https://swapi.dev/api/starships/49/","https://swapi.dev/api/starships/52/","https://swapi.dev/api/starships/58/"],"vehicles":["https://swapi.dev/api/vehicles/4/","https://swapi.dev/api/vehicles/44/","https://swapi.dev/api/vehicles/45/","https://swapi.dev/api/vehicles/46/","https://swapi.dev/api/vehicles/50/","https://swapi.dev/api/vehicles/51/","https://swapi.dev/api/vehicles/53/","https://swapi.dev/api/vehicles/54/","https://swapi.dev/api/vehicles/55/","https://swapi.dev/api/vehicles/56/","https://swapi.dev/api/vehicles/57/"],"species":["https://swapi.dev/api/species/1/","https://swapi.dev/api/species/2/","https://swapi.dev/api/species/6/","https://swapi.dev/api/species/12/","https://swapi.dev/api/species/13/","https://swapi.dev/api/species/15/","https://swapi.dev/api/species/28/","https://swapi.dev/api/species/29/","https://swapi.dev/api/species/30/","https://swapi.dev/api/species/31/","https://swapi.dev/api/species/32/","https://swapi.dev/api/species/33/","https://swapi.dev/api/species/34/","https://swapi.dev/api/species/35/"],"created":"2014-12-20T10:57:57.886000Z","edited":"2014-12-20T20:18:48.516000Z","url":"https://swapi.dev/api/films/5/"},{"title":"Revenge of the Sith","episode_id":3,"opening_crawl":"War! The Republic is crumbling\r\nunder attacks by the ruthless\r\nSith Lord, Count Dooku.\r\nThere are heroes on both sides.\r\nEvil is everywhere.\r\n\r\nIn a stunning move, the\r\nfiendish droid leader, General\r\nGrievous, has swept into the\r\nRepublic capital and kidnapped\r\nChancellor Palpatine, leader of\r\nthe Galactic Senate.\r\n\r\nAs the Separatist Droid Army\r\nattempts to flee the besieged\r\ncapital with their valuable\r\nhostage, two Jedi Knights lead a\r\ndesperate mission to rescue the\r\ncaptive Chancellor....","director":"George Lucas","producer":"Rick McCallum","release_date":"2005-05-19","characters":["https://swapi.dev/api/people/1/","https://swapi.dev/api/people/2/","https://swapi.dev/api/people/3/","https://swapi.dev/api/people/4/","https://swapi.dev/api/people/5/","https://swapi.dev/api/people/6/","https://swapi.dev/api/people/7/","https://swapi.dev/api/people/10/","https://swapi.dev/api/people/11/","https://swapi.dev/api/people/12/","https://swapi.dev/api/people/13/","https://swapi.dev/api/people/20/","https://swapi.dev/api/people/21/","https://swapi.dev/api/people/33/","https://swapi.dev/api/people/35/","https://swapi.dev/api/people/46/","https://swapi.dev/api/people/51/","https://swapi.dev/api/people/52/","https://swapi.dev/api/people/53/","https://swapi.dev/api/people/54/","https://swapi.dev/api/people/55/","https://swapi.dev/api/people/56/","https://swapi.dev/api/people/58/","https://swapi.dev/api/people/63/","https://swapi.dev/api/people/64/","https://swapi.dev/api/people/67/","https://swapi.dev/api/people/68/","https://swapi.dev/api/people/75/","https://swapi.dev/api/people/78/","https://swapi.dev/api/people/79/","https://swapi.dev/api/people/80/","https://swapi.dev/api/people/81/","https://swapi.dev/api/people/82/","https://swapi.dev/api/people/83/"],"planets":["https://swapi.dev/api/planets/1/","https://swapi.dev/api/planets/2/","https://swapi.dev/api/planets/5/","https://swapi.dev/api/planets/8/","https://swapi.dev/api/planets/9/","https://swapi.dev/api/planets/12/","https://swapi.dev/api/planets/13/","https://swapi.dev/api/planets/14/","https://swapi.dev/api/planets/15/","https://swapi.dev/api/planets/16/","https://swapi.dev/api/planets/17/","https://swapi.dev/api/planets/18/","https://swapi.dev/api/planets/19/"],"starships":["https://swapi.dev/api/starships/2/","https://swapi.dev/api/starships/32/","https://swapi.dev/api/starships/48/","https://swapi.dev/api/starships/59/","https://swapi.dev/api/starships/61/","https://swapi.dev/api/starships/63/","https://swapi.dev/api/starships/64/","https://swapi.dev/api/starships/65/","https://swapi.dev/api/starships/66/","https://swapi.dev/api/starships/68/","https://swapi.dev/api/starships/74/","https://swapi.dev/api/starships/75/"],"vehicles":["https://swapi.dev/api/vehicles/33/","https://swapi.dev/api/vehicles/50/","https://swapi.dev/api/vehicles/53/","https://swapi.dev/api/vehicles/56/","https://swapi.dev/api/vehicles/60/","https://swapi.dev/api/vehicles/62/","https://swapi.dev/api/vehicles/67/","https://swapi.dev/api/vehicles/69/","https://swapi.dev/api/vehicles/70/","https://swapi.dev/api/vehicles/71/","https://swapi.dev/api/vehicles/72/","https://swapi.dev/api/vehicles/73/","https://swapi.dev/api/vehicles/76/"],"species":["https://swapi.dev/api/species/1/","https://swapi.dev/api/species/2/","https://swapi.dev/api/species/3/","https://swapi.dev/api/species/6/","https://swapi.dev/api/species/15/","https://swapi.dev/api/species/19/","https://swapi.dev/api/species/20/","https://swapi.dev/api/species/23/","https://swapi.dev/api/species/24/","https://swapi.dev/api/species/25/","https://swapi.dev/api/species/26/","https://swapi.dev/api/species/27/","https://swapi.dev/api/species/28/","https://swapi.dev/api/species/29/","https://swapi.dev/api/species/30/","https://swapi.dev/api/species/33/","https://swapi.dev/api/species/34/","https://swapi.dev/api/species/35/","https://swapi.dev/api/species/36/","https://swapi.dev/api/species/37/"],"created":"2014-12-20T18:49:38.403000Z","edited":"2014-12-20T20:47:52.073000Z","url":"https://swapi.dev/api/films/6/"}]}
]]>
            </message>
            <full-stacktrace>
              <![CDATA[java.lang.AssertionError: 1 expectation failed.
Response body doesn't match expectation.
Expected: The content to match the given JSON schema.
error: instance type (null) does not match any allowed primitive type (allowed: ["string"])
    level: "error"
    schema: {"loadingURI":"#","pointer":"/properties/next"}
    instance: {"pointer":"/next"}
    domain: "validation"
    keyword: "type"
    found: "null"
    expected: ["string"]

  Actual: {"count":6,"next":null,"previous":null,"results":[{"title":"A New Hope","episode_id":4,"opening_crawl":"It is a period of civil war.\r\nRebel spaceships, striking\r\nfrom a hidden base, have won\r\ntheir first victory against\r\nthe evil Galactic Empire.\r\n\r\nDuring the battle, Rebel\r\nspies managed to steal secret\r\nplans to the Empire's\r\nultimate weapon, the DEATH\r\nSTAR, an armored space\r\nstation with enough power\r\nto destroy an entire planet.\r\n\r\nPursued by the Empire's\r\nsinister agents, Princess\r\nLeia races home aboard her\r\nstarship, custodian of the\r\nstolen plans that can save her\r\npeople and restore\r\nfreedom to the galaxy....","director":"George Lucas","producer":"Gary Kurtz, Rick McCallum","release_date":"1977-05-25","characters":["https://swapi.dev/api/people/1/","https://swapi.dev/api/people/2/","https://swapi.dev/api/people/3/","https://swapi.dev/api/people/4/","https://swapi.dev/api/people/5/","https://swapi.dev/api/people/6/","https://swapi.dev/api/people/7/","https://swapi.dev/api/people/8/","https://swapi.dev/api/people/9/","https://swapi.dev/api/people/10/","https://swapi.dev/api/people/12/","https://swapi.dev/api/people/13/","https://swapi.dev/api/people/14/","https://swapi.dev/api/people/15/","https://swapi.dev/api/people/16/","https://swapi.dev/api/people/18/","https://swapi.dev/api/people/19/","https://swapi.dev/api/people/81/"],"planets":["https://swapi.dev/api/planets/1/","https://swapi.dev/api/planets/2/","https://swapi.dev/api/planets/3/"],"starships":["https://swapi.dev/api/starships/2/","https://swapi.dev/api/starships/3/","https://swapi.dev/api/starships/5/","https://swapi.dev/api/starships/9/","https://swapi.dev/api/starships/10/","https://swapi.dev/api/starships/11/","https://swapi.dev/api/starships/12/","https://swapi.dev/api/starships/13/"],"vehicles":["https://swapi.dev/api/vehicles/4/","https://swapi.dev/api/vehicles/6/","https://swapi.dev/api/vehicles/7/","https://swapi.dev/api/vehicles/8/"],"species":["https://swapi.dev/api/species/1/","https://swapi.dev/api/species/2/","https://swapi.dev/api/species/3/","https://swapi.dev/api/species/4/","https://swapi.dev/api/species/5/"],"created":"2014-12-10T14:23:31.880000Z","edited":"2014-12-20T19:49:45.256000Z","url":"https://swapi.dev/api/films/1/"},{"title":"The Empire Strikes Back","episode_id":5,"opening_crawl":"It is a dark time for the\r\nRebellion. Although the Death\r\nStar has been destroyed,\r\nImperial troops have driven the\r\nRebel forces from their hidden\r\nbase and pursued them across\r\nthe galaxy.\r\n\r\nEvading the dreaded Imperial\r\nStarfleet, a group of freedom\r\nfighters led by Luke Skywalker\r\nhas established a new secret\r\nbase on the remote ice world\r\nof Hoth.\r\n\r\nThe evil lord Darth Vader,\r\nobsessed with finding young\r\nSkywalker, has dispatched\r\nthousands of remote probes into\r\nthe far reaches of space....","director":"Irvin Kershner","producer":"Gary Kurtz, Rick McCallum","release_date":"1980-05-17","characters":["https://swapi.dev/api/people/1/","https://swapi.dev/api/people/2/","https://swapi.dev/api/people/3/","https://swapi.dev/api/people/4/","https://swapi.dev/api/people/5/","https://swapi.dev/api/people/10/","https://swapi.dev/api/people/13/","https://swapi.dev/api/people/14/","https://swapi.dev/api/people/18/","https://swapi.dev/api/people/20/","https://swapi.dev/api/people/21/","https://swapi.dev/api/people/22/","https://swapi.dev/api/people/23/","https://swapi.dev/api/people/24/","https://swapi.dev/api/people/25/","https://swapi.dev/api/people/26/"],"planets":["https://swapi.dev/api/planets/4/","https://swapi.dev/api/planets/5/","https://swapi.dev/api/planets/6/","https://swapi.dev/api/planets/27/"],"starships":["https://swapi.dev/api/starships/3/","https://swapi.dev/api/starships/10/","https://swapi.dev/api/starships/11/","https://swapi.dev/api/starships/12/","https://swapi.dev/api/starships/15/","https://swapi.dev/api/starships/17/","https://swapi.dev/api/starships/21/","https://swapi.dev/api/starships/22/","https://swapi.dev/api/starships/23/"],"vehicles":["https://swapi.dev/api/vehicles/8/","https://swapi.dev/api/vehicles/14/","https://swapi.dev/api/vehicles/16/","https://swapi.dev/api/vehicles/18/","https://swapi.dev/api/vehicles/19/","https://swapi.dev/api/vehicles/20/"],"species":["https://swapi.dev/api/species/1/","https://swapi.dev/api/species/2/","https://swapi.dev/api/species/3/","https://swapi.dev/api/species/6/","https://swapi.dev/api/species/7/"],"created":"2014-12-12T11:26:24.656000Z","edited":"2014-12-15T13:07:53.386000Z","url":"https://swapi.dev/api/films/2/"},{"title":"Return of the Jedi","episode_id":6,"opening_crawl":"Luke Skywalker has returned to\r\nhis home planet of Tatooine in\r\nan attempt to rescue his\r\nfriend Han Solo from the\r\nclutches of the vile gangster\r\nJabba the Hutt.\r\n\r\nLittle does Luke know that the\r\nGALACTIC EMPIRE has secretly\r\nbegun construction on a new\r\narmored space station even\r\nmore powerful than the first\r\ndreaded Death Star.\r\n\r\nWhen completed, this ultimate\r\nweapon will spell certain doom\r\nfor the small band of rebels\r\nstruggling to restore freedom\r\nto the galaxy...","director":"Richard Marquand","producer":"Howard G. Kazanjian, George Lucas, Rick McCallum","release_date":"1983-05-25","characters":["https://swapi.dev/api/people/1/","https://swapi.dev/api/people/2/","https://swapi.dev/api/people/3/","https://swapi.dev/api/people/4/","https://swapi.dev/api/people/5/","https://swapi.dev/api/people/10/","https://swapi.dev/api/people/13/","https://swapi.dev/api/people/14/","https://swapi.dev/api/people/16/","https://swapi.dev/api/people/18/","https://swapi.dev/api/people/20/","https://swapi.dev/api/people/21/","https://swapi.dev/api/people/22/","https://swapi.dev/api/people/25/","https://swapi.dev/api/people/27/","https://swapi.dev/api/people/28/","https://swapi.dev/api/people/29/","https://swapi.dev/api/people/30/","https://swapi.dev/api/people/31/","https://swapi.dev/api/people/45/"],"planets":["https://swapi.dev/api/planets/1/","https://swapi.dev/api/planets/5/","https://swapi.dev/api/planets/7/","https://swapi.dev/api/planets/8/","https://swapi.dev/api/planets/9/"],"starships":["https://swapi.dev/api/starships/2/","https://swapi.dev/api/starships/3/","https://swapi.dev/api/starships/10/","https://swapi.dev/api/starships/11/","https://swapi.dev/api/starships/12/","https://swapi.dev/api/starships/15/","https://swapi.dev/api/starships/17/","https://swapi.dev/api/starships/22/","https://swapi.dev/api/starships/23/","https://swapi.dev/api/starships/27/","https://swapi.dev/api/starships/28/","https://swapi.dev/api/starships/29/"],"vehicles":["https://swapi.dev/api/vehicles/8/","https://swapi.dev/api/vehicles/16/","https://swapi.dev/api/vehicles/18/","https://swapi.dev/api/vehicles/19/","https://swapi.dev/api/vehicles/24/","https://swapi.dev/api/vehicles/25/","https://swapi.dev/api/vehicles/26/","https://swapi.dev/api/vehicles/30/"],"species":["https://swapi.dev/api/species/1/","https://swapi.dev/api/species/2/","https://swapi.dev/api/species/3/","https://swapi.dev/api/species/5/","https://swapi.dev/api/species/6/","https://swapi.dev/api/species/8/","https://swapi.dev/api/species/9/","https://swapi.dev/api/species/10/","https://swapi.dev/api/species/15/"],"created":"2014-12-18T10:39:33.255000Z","edited":"2014-12-20T09:48:37.462000Z","url":"https://swapi.dev/api/films/3/"},{"title":"The Phantom Menace","episode_id":1,"opening_crawl":"Turmoil has engulfed the\r\nGalactic Republic. The taxation\r\nof trade routes to outlying star\r\nsystems is in dispute.\r\n\r\nHoping to resolve the matter\r\nwith a blockade of deadly\r\nbattleships, the greedy Trade\r\nFederation has stopped all\r\nshipping to the small planet\r\nof Naboo.\r\n\r\nWhile the Congress of the\r\nRepublic endlessly debates\r\nthis alarming chain of events,\r\nthe Supreme Chancellor has\r\nsecretly dispatched two Jedi\r\nKnights, the guardians of\r\npeace and justice in the\r\ngalaxy, to settle the conflict....","director":"George Lucas","producer":"Rick McCallum","release_date":"1999-05-19","characters":["https://swapi.dev/api/people/2/","https://swapi.dev/api/people/3/","https://swapi.dev/api/people/10/","https://swapi.dev/api/people/11/","https://swapi.dev/api/people/16/","https://swapi.dev/api/people/20/","https://swapi.dev/api/people/21/","https://swapi.dev/api/people/32/","https://swapi.dev/api/people/33/","https://swapi.dev/api/people/34/","https://swapi.dev/api/people/35/","https://swapi.dev/api/people/36/","https://swapi.dev/api/people/37/","https://swapi.dev/api/people/38/","https://swapi.dev/api/people/39/","https://swapi.dev/api/people/40/","https://swapi.dev/api/people/41/","https://swapi.dev/api/people/42/","https://swapi.dev/api/people/43/","https://swapi.dev/api/people/44/","https://swapi.dev/api/people/46/","https://swapi.dev/api/people/47/","https://swapi.dev/api/people/48/","https://swapi.dev/api/people/49/","https://swapi.dev/api/people/50/","https://swapi.dev/api/people/51/","https://swapi.dev/api/people/52/","https://swapi.dev/api/people/53/","https://swapi.dev/api/people/54/","https://swapi.dev/api/people/55/","https://swapi.dev/api/people/56/","https://swapi.dev/api/people/57/","https://swapi.dev/api/people/58/","https://swapi.dev/api/people/59/"],"planets":["https://swapi.dev/api/planets/1/","https://swapi.dev/api/planets/8/","https://swapi.dev/api/planets/9/"],"starships":["https://swapi.dev/api/starships/31/","https://swapi.dev/api/starships/32/","https://swapi.dev/api/starships/39/","https://swapi.dev/api/starships/40/","https://swapi.dev/api/starships/41/"],"vehicles":["https://swapi.dev/api/vehicles/33/","https://swapi.dev/api/vehicles/34/","https://swapi.dev/api/vehicles/35/","https://swapi.dev/api/vehicles/36/","https://swapi.dev/api/vehicles/37/","https://swapi.dev/api/vehicles/38/","https://swapi.dev/api/vehicles/42/"],"species":["https://swapi.dev/api/species/1/","https://swapi.dev/api/species/2/","https://swapi.dev/api/species/6/","https://swapi.dev/api/species/11/","https://swapi.dev/api/species/12/","https://swapi.dev/api/species/13/","https://swapi.dev/api/species/14/","https://swapi.dev/api/species/15/","https://swapi.dev/api/species/16/","https://swapi.dev/api/species/17/","https://swapi.dev/api/species/18/","https://swapi.dev/api/species/19/","https://swapi.dev/api/species/20/","https://swapi.dev/api/species/21/","https://swapi.dev/api/species/22/","https://swapi.dev/api/species/23/","https://swapi.dev/api/species/24/","https://swapi.dev/api/species/25/","https://swapi.dev/api/species/26/","https://swapi.dev/api/species/27/"],"created":"2014-12-19T16:52:55.740000Z","edited":"2014-12-20T10:54:07.216000Z","url":"https://swapi.dev/api/films/4/"},{"title":"Attack of the Clones","episode_id":2,"opening_crawl":"There is unrest in the Galactic\r\nSenate. Several thousand solar\r\nsystems have declared their\r\nintentions to leave the Republic.\r\n\r\nThis separatist movement,\r\nunder the leadership of the\r\nmysterious Count Dooku, has\r\nmade it difficult for the limited\r\nnumber of Jedi Knights to maintain \r\npeace and order in the galaxy.\r\n\r\nSenator Amidala, the former\r\nQueen of Naboo, is returning\r\nto the Galactic Senate to vote\r\non the critical issue of creating\r\nan ARMY OF THE REPUBLIC\r\nto assist the overwhelmed\r\nJedi....","director":"George Lucas","producer":"Rick McCallum","release_date":"2002-05-16","characters":["https://swapi.dev/api/people/2/","https://swapi.dev/api/people/3/","https://swapi.dev/api/people/6/","https://swapi.dev/api/people/7/","https://swapi.dev/api/people/10/","https://swapi.dev/api/people/11/","https://swapi.dev/api/people/20/","https://swapi.dev/api/people/21/","https://swapi.dev/api/people/22/","https://swapi.dev/api/people/33/","https://swapi.dev/api/people/35/","https://swapi.dev/api/people/36/","https://swapi.dev/api/people/40/","https://swapi.dev/api/people/43/","https://swapi.dev/api/people/46/","https://swapi.dev/api/people/51/","https://swapi.dev/api/people/52/","https://swapi.dev/api/people/53/","https://swapi.dev/api/people/58/","https://swapi.dev/api/people/59/","https://swapi.dev/api/people/60/","https://swapi.dev/api/people/61/","https://swapi.dev/api/people/62/","https://swapi.dev/api/people/63/","https://swapi.dev/api/people/64/","https://swapi.dev/api/people/65/","https://swapi.dev/api/people/66/","https://swapi.dev/api/people/67/","https://swapi.dev/api/people/68/","https://swapi.dev/api/people/69/","https://swapi.dev/api/people/70/","https://swapi.dev/api/people/71/","https://swapi.dev/api/people/72/","https://swapi.dev/api/people/73/","https://swapi.dev/api/people/74/","https://swapi.dev/api/people/75/","https://swapi.dev/api/people/76/","https://swapi.dev/api/people/77/","https://swapi.dev/api/people/78/","https://swapi.dev/api/people/82/"],"planets":["https://swapi.dev/api/planets/1/","https://swapi.dev/api/planets/8/","https://swapi.dev/api/planets/9/","https://swapi.dev/api/planets/10/","https://swapi.dev/api/planets/11/"],"starships":["https://swapi.dev/api/starships/21/","https://swapi.dev/api/starships/32/","https://swapi.dev/api/starships/39/","https://swapi.dev/api/starships/43/","https://swapi.dev/api/starships/47/","https://swapi.dev/api/starships/48/","https://swapi.dev/api/starships/49/","https://swapi.dev/api/starships/52/","https://swapi.dev/api/starships/58/"],"vehicles":["https://swapi.dev/api/vehicles/4/","https://swapi.dev/api/vehicles/44/","https://swapi.dev/api/vehicles/45/","https://swapi.dev/api/vehicles/46/","https://swapi.dev/api/vehicles/50/","https://swapi.dev/api/vehicles/51/","https://swapi.dev/api/vehicles/53/","https://swapi.dev/api/vehicles/54/","https://swapi.dev/api/vehicles/55/","https://swapi.dev/api/vehicles/56/","https://swapi.dev/api/vehicles/57/"],"species":["https://swapi.dev/api/species/1/","https://swapi.dev/api/species/2/","https://swapi.dev/api/species/6/","https://swapi.dev/api/species/12/","https://swapi.dev/api/species/13/","https://swapi.dev/api/species/15/","https://swapi.dev/api/species/28/","https://swapi.dev/api/species/29/","https://swapi.dev/api/species/30/","https://swapi.dev/api/species/31/","https://swapi.dev/api/species/32/","https://swapi.dev/api/species/33/","https://swapi.dev/api/species/34/","https://swapi.dev/api/species/35/"],"created":"2014-12-20T10:57:57.886000Z","edited":"2014-12-20T20:18:48.516000Z","url":"https://swapi.dev/api/films/5/"},{"title":"Revenge of the Sith","episode_id":3,"opening_crawl":"War! The Republic is crumbling\r\nunder attacks by the ruthless\r\nSith Lord, Count Dooku.\r\nThere are heroes on both sides.\r\nEvil is everywhere.\r\n\r\nIn a stunning move, the\r\nfiendish droid leader, General\r\nGrievous, has swept into the\r\nRepublic capital and kidnapped\r\nChancellor Palpatine, leader of\r\nthe Galactic Senate.\r\n\r\nAs the Separatist Droid Army\r\nattempts to flee the besieged\r\ncapital with their valuable\r\nhostage, two Jedi Knights lead a\r\ndesperate mission to rescue the\r\ncaptive Chancellor....","director":"George Lucas","producer":"Rick McCallum","release_date":"2005-05-19","characters":["https://swapi.dev/api/people/1/","https://swapi.dev/api/people/2/","https://swapi.dev/api/people/3/","https://swapi.dev/api/people/4/","https://swapi.dev/api/people/5/","https://swapi.dev/api/people/6/","https://swapi.dev/api/people/7/","https://swapi.dev/api/people/10/","https://swapi.dev/api/people/11/","https://swapi.dev/api/people/12/","https://swapi.dev/api/people/13/","https://swapi.dev/api/people/20/","https://swapi.dev/api/people/21/","https://swapi.dev/api/people/33/","https://swapi.dev/api/people/35/","https://swapi.dev/api/people/46/","https://swapi.dev/api/people/51/","https://swapi.dev/api/people/52/","https://swapi.dev/api/people/53/","https://swapi.dev/api/people/54/","https://swapi.dev/api/people/55/","https://swapi.dev/api/people/56/","https://swapi.dev/api/people/58/","https://swapi.dev/api/people/63/","https://swapi.dev/api/people/64/","https://swapi.dev/api/people/67/","https://swapi.dev/api/people/68/","https://swapi.dev/api/people/75/","https://swapi.dev/api/people/78/","https://swapi.dev/api/people/79/","https://swapi.dev/api/people/80/","https://swapi.dev/api/people/81/","https://swapi.dev/api/people/82/","https://swapi.dev/api/people/83/"],"planets":["https://swapi.dev/api/planets/1/","https://swapi.dev/api/planets/2/","https://swapi.dev/api/planets/5/","https://swapi.dev/api/planets/8/","https://swapi.dev/api/planets/9/","https://swapi.dev/api/planets/12/","https://swapi.dev/api/planets/13/","https://swapi.dev/api/planets/14/","https://swapi.dev/api/planets/15/","https://swapi.dev/api/planets/16/","https://swapi.dev/api/planets/17/","https://swapi.dev/api/planets/18/","https://swapi.dev/api/planets/19/"],"starships":["https://swapi.dev/api/starships/2/","https://swapi.dev/api/starships/32/","https://swapi.dev/api/starships/48/","https://swapi.dev/api/starships/59/","https://swapi.dev/api/starships/61/","https://swapi.dev/api/starships/63/","https://swapi.dev/api/starships/64/","https://swapi.dev/api/starships/65/","https://swapi.dev/api/starships/66/","https://swapi.dev/api/starships/68/","https://swapi.dev/api/starships/74/","https://swapi.dev/api/starships/75/"],"vehicles":["https://swapi.dev/api/vehicles/33/","https://swapi.dev/api/vehicles/50/","https://swapi.dev/api/vehicles/53/","https://swapi.dev/api/vehicles/56/","https://swapi.dev/api/vehicles/60/","https://swapi.dev/api/vehicles/62/","https://swapi.dev/api/vehicles/67/","https://swapi.dev/api/vehicles/69/","https://swapi.dev/api/vehicles/70/","https://swapi.dev/api/vehicles/71/","https://swapi.dev/api/vehicles/72/","https://swapi.dev/api/vehicles/73/","https://swapi.dev/api/vehicles/76/"],"species":["https://swapi.dev/api/species/1/","https://swapi.dev/api/species/2/","https://swapi.dev/api/species/3/","https://swapi.dev/api/species/6/","https://swapi.dev/api/species/15/","https://swapi.dev/api/species/19/","https://swapi.dev/api/species/20/","https://swapi.dev/api/species/23/","https://swapi.dev/api/species/24/","https://swapi.dev/api/species/25/","https://swapi.dev/api/species/26/","https://swapi.dev/api/species/27/","https://swapi.dev/api/species/28/","https://swapi.dev/api/species/29/","https://swapi.dev/api/species/30/","https://swapi.dev/api/species/33/","https://swapi.dev/api/species/34/","https://swapi.dev/api/species/35/","https://swapi.dev/api/species/36/","https://swapi.dev/api/species/37/"],"created":"2014-12-20T18:49:38.403000Z","edited":"2014-12-20T20:47:52.073000Z","url":"https://swapi.dev/api/films/6/"}]}

at java.base/jdk.internal.reflect.NativeConstructorAccessorImpl.newInstance0(Native Method)
at java.base/jdk.internal.reflect.NativeConstructorAccessorImpl.newInstance(NativeConstructorAccessorImpl.java:77)
at java.base/jdk.internal.reflect.DelegatingConstructorAccessorImpl.newInstance(DelegatingConstructorAccessorImpl.java:45)
at java.base/java.lang.reflect.Constructor.newInstanceWithCaller(Constructor.java:499)
at java.base/java.lang.reflect.Constructor.newInstance(Constructor.java:480)
at org.codehaus.groovy.reflection.CachedConstructor.invoke(CachedConstructor.java:72)
at org.codehaus.groovy.runtime.callsite.ConstructorSite$ConstructorSiteNoUnwrapNoCoerce.callConstructor(ConstructorSite.java:105)
at org.codehaus.groovy.runtime.callsite.CallSiteArray.defaultCallConstructor(CallSiteArray.java:59)
at org.codehaus.groovy.runtime.callsite.AbstractCallSite.callConstructor(AbstractCallSite.java:263)
at org.codehaus.groovy.runtime.callsite.AbstractCallSite.callConstructor(AbstractCallSite.java:277)
at io.restassured.internal.ResponseSpecificationImpl$HamcrestAssertionClosure.validate(ResponseSpecificationImpl.groovy:493)
at io.restassured.internal.ResponseSpecificationImpl$HamcrestAssertionClosure$validate$1.call(Unknown Source)
at org.codehaus.groovy.runtime.callsite.CallSiteArray.defaultCall(CallSiteArray.java:47)
at org.codehaus.groovy.runtime.callsite.AbstractCallSite.call(AbstractCallSite.java:125)
at org.codehaus.groovy.runtime.callsite.AbstractCallSite.call(AbstractCallSite.java:139)
at io.restassured.internal.ResponseSpecificationImpl.validateResponseIfRequired(ResponseSpecificationImpl.groovy:674)
at java.base/jdk.internal.reflect.NativeMethodAccessorImpl.invoke0(Native Method)
at java.base/jdk.internal.reflect.NativeMethodAccessorImpl.invoke(NativeMethodAccessorImpl.java:77)
at java.base/jdk.internal.reflect.DelegatingMethodAccessorImpl.invoke(DelegatingMethodAccessorImpl.java:43)
at java.base/java.lang.reflect.Method.invoke(Method.java:568)
at org.codehaus.groovy.runtime.callsite.PlainObjectMetaMethodSite.doInvoke(PlainObjectMetaMethodSite.java:43)
at org.codehaus.groovy.runtime.callsite.PogoMetaMethodSite$PogoCachedMethodSiteNoUnwrapNoCoerce.invoke(PogoMetaMethodSite.java:193)
at org.codehaus.groovy.runtime.callsite.PogoMetaMethodSite.callCurrent(PogoMetaMethodSite.java:61)
at org.codehaus.groovy.runtime.callsite.CallSiteArray.defaultCallCurrent(CallSiteArray.java:51)
at org.codehaus.groovy.runtime.callsite.AbstractCallSite.callCurrent(AbstractCallSite.java:171)
at org.codehaus.groovy.runtime.callsite.AbstractCallSite.callCurrent(AbstractCallSite.java:185)
at io.restassured.internal.ResponseSpecificationImpl.body(ResponseSpecificationImpl.groovy:98)
at io.restassured.internal.ValidatableResponseOptionsImpl.body(ValidatableResponseOptionsImpl.java:238)
at io.restassured.internal.ValidatableResponseImpl.super$2$body(ValidatableResponseImpl.groovy)
at java.base/jdk.internal.reflect.NativeMethodAccessorImpl.invoke0(Native Method)
at java.base/jdk.internal.reflect.NativeMethodAccessorImpl.invoke(NativeMethodAccessorImpl.java:77)
at java.base/jdk.internal.reflect.DelegatingMethodAccessorImpl.invoke(DelegatingMethodAccessorImpl.java:43)
at java.base/java.lang.reflect.Method.invoke(Method.java:568)
at org.codehaus.groovy.reflection.CachedMethod.invoke(CachedMethod.java:107)
at groovy.lang.MetaMethod.doMethodInvoke(MetaMethod.java:323)
at groovy.lang.MetaClassImpl.invokeMethod(MetaClassImpl.java:1268)
at org.codehaus.groovy.runtime.ScriptBytecodeAdapter.invokeMethodOnSuperN(ScriptBytecodeAdapter.java:144)
at io.restassured.internal.ValidatableResponseImpl.body(ValidatableResponseImpl.groovy:293)
at io.restassured.internal.ValidatableResponseImpl.body(ValidatableResponseImpl.groovy)
at test.utils.RestUtils.jSONSchemaValidation(RestUtils.java:29)
at test.pages.SwapAPIPage.validateSchema(SwapAPIPage.java:124)
at test.scenarios.UserTestSteps.createJsonSchemaValidationForPeopleAPI(UserTestSteps.java:72)
at java.base/jdk.internal.reflect.NativeMethodAccessorImpl.invoke0(Native Method)
at java.base/jdk.internal.reflect.NativeMethodAccessorImpl.invoke(NativeMethodAccessorImpl.java:77)
at java.base/jdk.internal.reflect.DelegatingMethodAccessorImpl.invoke(DelegatingMethodAccessorImpl.java:43)
at java.base/java.lang.reflect.Method.invoke(Method.java:568)
at org.testng.internal.MethodInvocationHelper.invokeMethod(MethodInvocationHelper.java:133)
at org.testng.internal.TestInvoker.invokeMethod(TestInvoker.java:598)
at org.testng.internal.TestInvoker.invokeTestMethod(TestInvoker.java:173)
at org.testng.internal.MethodRunner.runInSequence(MethodRunner.java:46)
at org.testng.internal.TestInvoker$MethodInvocationAgent.invoke(TestInvoker.java:824)
at org.testng.internal.TestInvoker.invokeTestMethods(TestInvoker.java:146)
at org.testng.internal.TestMethodWorker.invokeTestMethods(TestMethodWorker.java:146)
at org.testng.internal.TestMethodWorker.run(TestMethodWorker.java:128)
at java.base/java.util.ArrayList.forEach(ArrayList.java:1511)
at org.testng.TestRunner.privateRun(TestRunner.java:794)
at org.testng.TestRunner.run(TestRunner.java:596)
at org.testng.SuiteRunner.runTest(SuiteRunner.java:377)
at org.testng.SuiteRunner.runSequentially(SuiteRunner.java:371)
at org.testng.SuiteRunner.privateRun(SuiteRunner.java:332)
at org.testng.SuiteRunner.run(SuiteRunner.java:276)
at org.testng.SuiteRunnerWorker.runSuite(SuiteRunnerWorker.java:53)
at org.testng.SuiteRunnerWorker.run(SuiteRunnerWorker.java:96)
at org.testng.TestNG.runSuitesSequentially(TestNG.java:1212)
at org.testng.TestNG.runSuitesLocally(TestNG.java:1134)
at org.testng.TestNG.runSuites(TestNG.java:1063)
at org.testng.TestNG.run(TestNG.java:1031)
at org.testng.remote.AbstractRemoteTestNG.run(AbstractRemoteTestNG.java:115)
at org.testng.remote.RemoteTestNG.initAndRun(RemoteTestNG.java:251)
at org.testng.remote.RemoteTestNG.main(RemoteTestNG.java:77)
]]>
            </full-stacktrace>
          </exception> <!-- java.lang.AssertionError -->
          <reporter-output>
          </reporter-output>
        </test-method> <!-- createJsonSchemaValidationForPeopleAPI -->
      </class> <!-- test.scenarios.UserTestSteps -->
    </test> <!-- Create contract (Json schema validation) test for /people API -->
  </suite> <!-- Swap API Use cases verification -->
</testng-results>
