<?xml version="1.0" encoding="UTF-8"?>
<!-- Generated by org.testng.reporters.JUnitXMLReporter -->
<testsuite ignored="0" hostname="Tushars-MBP.home" failures="0" tests="2" name="Find film with the latest release date" time="66.481" errors="0" timestamp="2023-11-10T11:13:48 CET">
  <testcase classname="test.scenarios.UserTestSteps" name="findFilmByLatestReleaseDate" time="12.46"/>
  <testcase classname="test.scenarios.UserTestSteps" name="findTallestPersonFromLatestFilm" time="53.964"/>
</testsuite> <!-- Find film with the latest release date -->
