<?xml version="1.0" encoding="UTF-8"?>
<!-- Generated by org.testng.reporters.JUnitXMLReporter -->
<testsuite ignored="8" hostname="Tushars-MBP.home" failures="0" tests="1" name="Validate if ingredient is non alcohalic then ABV is null" time="0.208" errors="0" timestamp="2023-11-08T16:40:28 CET">
  <testcase classname="test.scenarios.UserTestSteps" name="validateABV" time="0.206"/>
  <testcase classname="test.scenarios.UserTestSteps" name="searchCocktailNameCaseInsensitive" time="0.0">
    <ignored/>
  </testcase> <!-- searchCocktailNameCaseInsensitive -->
  <testcase classname="test.scenarios.UserTestSteps" name="searchCocktailByNameInvalid" time="0.0">
    <ignored/>
  </testcase> <!-- searchCocktailByNameInvalid -->
  <testcase classname="test.scenarios.UserTestSteps" name="filterByCategory" time="0.0">
    <ignored/>
  </testcase> <!-- filterByCategory -->
  <testcase classname="test.scenarios.UserTestSteps" name="validateSearchCocktailSchema" time="0.0">
    <ignored/>
  </testcase> <!-- validateSearchCocktailSchema -->
  <testcase classname="test.scenarios.UserTestSteps" name="filterByDrinksType" time="0.0">
    <ignored/>
  </testcase> <!-- filterByDrinksType -->
  <testcase classname="test.scenarios.UserTestSteps" name="searchIngredientsByName" time="0.0">
    <ignored/>
  </testcase> <!-- searchIngredientsByName -->
  <testcase classname="test.scenarios.UserTestSteps" name="validateABVIfNodrinks" time="0.0">
    <ignored/>
  </testcase> <!-- validateABVIfNodrinks -->
  <testcase classname="test.scenarios.UserTestSteps" name="searchCocktailByName" time="0.0">
    <ignored/>
  </testcase> <!-- searchCocktailByName -->
</testsuite> <!-- Validate if ingredient is non alcohalic then ABV is null -->
