<?xml version="1.0" encoding="UTF-8"?>
<!-- Generated by org.testng.reporters.JUnitXMLReporter -->
<testsuite ignored="3" hostname="Tushars-MBP.home" failures="0" tests="1" name="Create contract (Json schema validation) test for /people API" time="9.647" errors="0" timestamp="2023-11-10T14:53:37 CET">
  <testcase classname="test.scenarios.UserTestSteps" name="createJsonSchemaValidationForPeopleAPI" time="9.625"/>
  <testcase classname="test.scenarios.UserTestSteps" name="findTallestPersonFromLatestFilm" time="0.0">
    <ignored/>
  </testcase> <!-- findTallestPersonFromLatestFilm -->
  <testcase classname="test.scenarios.UserTestSteps" name="findFilmByLatestReleaseDate" time="0.0">
    <ignored/>
  </testcase> <!-- findFilmByLatestReleaseDate -->
  <testcase classname="test.scenarios.UserTestSteps" name="findTallestPersonFromStarwarsFilm" time="0.0">
    <ignored/>
  </testcase> <!-- findTallestPersonFromStarwarsFilm -->
</testsuite> <!-- Create contract (Json schema validation) test for /people API -->
