<?xml version="1.0" encoding="UTF-8"?>
<!-- Generated by org.testng.reporters.JUnitXMLReporter -->
<testsuite ignored="3" hostname="Tushars-MBP.home" failures="0" tests="1" name="Find the tallest person ever played in any Star Wars film" time="213.926" errors="0" timestamp="2023-11-10T14:53:27 CET">
  <testcase classname="test.scenarios.UserTestSteps" name="findTallestPersonFromStarwarsFilm" time="213.852"/>
  <testcase classname="test.scenarios.UserTestSteps" name="findTallestPersonFromLatestFilm" time="0.0">
    <ignored/>
  </testcase> <!-- findTallestPersonFromLatestFilm -->
  <testcase classname="test.scenarios.UserTestSteps" name="findFilmByLatestReleaseDate" time="0.0">
    <ignored/>
  </testcase> <!-- findFilmByLatestReleaseDate -->
  <testcase classname="test.scenarios.UserTestSteps" name="createJsonSchemaValidationForPeopleAPI" time="0.0">
    <ignored/>
  </testcase> <!-- createJsonSchemaValidationForPeopleAPI -->
</testsuite> <!-- Find the tallest person ever played in any Star Wars film -->
