<?xml version="1.0" encoding="UTF-8"?>
<!-- Generated by org.testng.reporters.JUnitXMLReporter -->
<testsuite ignored="2" hostname="Tushars-MBP.home" failures="0" tests="2" name="Find film with the latest release date and tallest person from that film" time="71.658" errors="0" timestamp="2023-11-10T13:23:30 CET">
  <testcase classname="test.scenarios.UserTestSteps" name="findFilmByLatestReleaseDate" time="12.156"/>
  <testcase classname="test.scenarios.UserTestSteps" name="findTallestPersonFromLatestFilm" time="59.429"/>
  <testcase classname="test.scenarios.UserTestSteps" name="createJsonSchemaValidationForPeopleAPI" time="0.0">
    <ignored/>
  </testcase> <!-- createJsonSchemaValidationForPeopleAPI -->
  <testcase classname="test.scenarios.UserTestSteps" name="findTallestPersonFromStarwarsFilm" time="0.0">
    <ignored/>
  </testcase> <!-- findTallestPersonFromStarwarsFilm -->
</testsuite> <!-- Find film with the latest release date and tallest person from that film -->
